SLF4J: Class path contains multiple SLF4J bindings.
SLF4J: Found binding in [jar:file:/home/ubuntu/apache-hive-2.3.9-bin/lib/log4j-slf4j-impl-2.6.2.jar!/org/slf4j/impl/StaticLoggerBinder.class]
SLF4J: Found binding in [jar:file:/home/ubuntu/hadoop-3.4.1/share/hadoop/common/lib/slf4j-reload4j-1.7.36.jar!/org/slf4j/impl/StaticLoggerBinder.class]
SLF4J: See http://www.slf4j.org/codes.html#multiple_bindings for an explanation.
SLF4J: Actual binding is of type [org.apache.logging.slf4j.Log4jLoggerFactory]

Logging initialized using configuration in jar:file:/home/ubuntu/apache-hive-2.3.9-bin/lib/hive-common-2.3.9.jar!/hive-log4j2.properties Async: true
WARNING: An illegal reflective access operation has occurred
WARNING: Illegal reflective access by org.apache.hadoop.hive.common.StringInternUtils (file:/home/ubuntu/apache-hive-2.3.9-bin/lib/hive-common-2.3.9.jar) to field java.net.URI.string
WARNING: Please consider reporting this to the maintainers of org.apache.hadoop.hive.common.StringInternUtils
WARNING: Use --illegal-access=warn to enable warnings of further illegal reflective access operations
WARNING: All illegal access operations will be denied in a future release
OK
Time taken: 2.007 seconds
OK
Time taken: 0.014 seconds
OK
Time taken: 0.32 seconds
OK
Time taken: 0.067 seconds
OK
Time taken: 0.019 seconds
OK
Time taken: 0.015 seconds
OK
Time taken: 0.011 seconds
OK
Time taken: 0.106 seconds
WARNING: Hive-on-MR is deprecated in Hive 2 and may not be available in the future versions. Consider using a different execution engine (i.e. spark, tez) or using Hive 1.X releases.
Query ID = ubuntu_20260624090329_3ac32be9-6ccd-4daa-a76b-3e504385419e
Total jobs = 1
Launching Job 1 out of 1
Number of reduce tasks not specified. Estimated from input data size: 1
In order to change the average load for a reducer (in bytes):
  set hive.exec.reducers.bytes.per.reducer=<number>
In order to limit the maximum number of reducers:
  set hive.exec.reducers.max=<number>
In order to set a constant number of reducers:
  set mapreduce.job.reduces=<number>
Job running in-process (local Hadoop)
SLF4J: Failed to load class "org.slf4j.impl.StaticLoggerBinder".
SLF4J: Defaulting to no-operation (NOP) logger implementation
SLF4J: See http://www.slf4j.org/codes.html#StaticLoggerBinder for further details.
2026-06-24 09:03:32,028 Stage-1 map = 0%,  reduce = 0%
2026-06-24 09:03:36,034 Stage-1 map = 100%,  reduce = 0%
2026-06-24 09:03:37,037 Stage-1 map = 100%,  reduce = 100%
Ended Job = job_local1793397246_0001
Moving data to directory hdfs://localhost:9000/user/hive/warehouse/flights_db.db/band_stats_100
MapReduce Jobs Launched: 
Stage-Stage-1:  HDFS Read: 53098884 HDFS Write: 380480 SUCCESS
Total MapReduce CPU Time Spent: 0 msec
OK
Time taken: 7.38 seconds
WARNING: Hive-on-MR is deprecated in Hive 2 and may not be available in the future versions. Consider using a different execution engine (i.e. spark, tez) or using Hive 1.X releases.
Query ID = ubuntu_20260624090337_a5e8fcfe-85f5-47c1-a1cb-d62340e63683
Total jobs = 1
Launching Job 1 out of 1
Number of reduce tasks not specified. Estimated from input data size: 1
In order to change the average load for a reducer (in bytes):
  set hive.exec.reducers.bytes.per.reducer=<number>
In order to limit the maximum number of reducers:
  set hive.exec.reducers.max=<number>
In order to set a constant number of reducers:
  set mapreduce.job.reduces=<number>
Job running in-process (local Hadoop)
2026-06-24 09:03:38,672 Stage-1 map = 0%,  reduce = 0%
2026-06-24 09:03:47,678 Stage-1 map = 100%,  reduce = 0%
2026-06-24 09:03:48,680 Stage-1 map = 100%,  reduce = 100%
Ended Job = job_local1707679029_0002
Moving data to directory hdfs://localhost:9000/user/hive/warehouse/flights_db.db/cause_counts_100
MapReduce Jobs Launched: 
Stage-Stage-1:  HDFS Read: 105782298 HDFS Write: 2017995 SUCCESS
Total MapReduce CPU Time Spent: 0 msec
OK
Time taken: 11.53 seconds
WARNING: Hive-on-MR is deprecated in Hive 2 and may not be available in the future versions. Consider using a different execution engine (i.e. spark, tez) or using Hive 1.X releases.
Query ID = ubuntu_20260624090348_2c73fc35-384b-4f57-9e7d-c94133b76332
Total jobs = 2
Launching Job 1 out of 2
Number of reduce tasks not specified. Estimated from input data size: 1
In order to change the average load for a reducer (in bytes):
  set hive.exec.reducers.bytes.per.reducer=<number>
In order to limit the maximum number of reducers:
  set hive.exec.reducers.max=<number>
In order to set a constant number of reducers:
  set mapreduce.job.reduces=<number>
Job running in-process (local Hadoop)
2026-06-24 09:03:50,027 Stage-1 map = 100%,  reduce = 100%
Ended Job = job_local104308573_0003
Launching Job 2 out of 2
Number of reduce tasks not specified. Estimated from input data size: 1
In order to change the average load for a reducer (in bytes):
  set hive.exec.reducers.bytes.per.reducer=<number>
In order to limit the maximum number of reducers:
  set hive.exec.reducers.max=<number>
In order to set a constant number of reducers:
  set mapreduce.job.reduces=<number>
Job running in-process (local Hadoop)
2026-06-24 09:03:51,158 Stage-2 map = 100%,  reduce = 0%
2026-06-24 09:03:52,159 Stage-2 map = 100%,  reduce = 100%
Ended Job = job_local942627619_0004
Moving data to directory hdfs://localhost:9000/user/hive/warehouse/flights_db.db/top3_causes_100
MapReduce Jobs Launched: 
Stage-Stage-1:  HDFS Read: 108296368 HDFS Write: 3275030 SUCCESS
Stage-Stage-2:  HDFS Read: 108296368 HDFS Write: 4025438 SUCCESS
Total MapReduce CPU Time Spent: 0 msec
OK
Time taken: 3.464 seconds
OK
Time taken: 0.021 seconds
WARNING: Hive-on-MR is deprecated in Hive 2 and may not be available in the future versions. Consider using a different execution engine (i.e. spark, tez) or using Hive 1.X releases.
Query ID = ubuntu_20260624090352_cdc38029-f4b1-4278-be2a-9f179480a20f
Total jobs = 1
SLF4J: Class path contains multiple SLF4J bindings.
SLF4J: Found binding in [jar:file:/home/ubuntu/apache-hive-2.3.9-bin/lib/log4j-slf4j-impl-2.6.2.jar!/org/slf4j/impl/StaticLoggerBinder.class]
SLF4J: Found binding in [jar:file:/home/ubuntu/hadoop-3.4.1/share/hadoop/common/lib/slf4j-reload4j-1.7.36.jar!/org/slf4j/impl/StaticLoggerBinder.class]
SLF4J: See http://www.slf4j.org/codes.html#multiple_bindings for an explanation.
SLF4J: Actual binding is of type [org.apache.logging.slf4j.Log4jLoggerFactory]
WARNING: An illegal reflective access operation has occurred
WARNING: Illegal reflective access by org.apache.hadoop.hive.ql.exec.SerializationUtilities$ArraysAsListSerializer (file:/home/ubuntu/apache-hive-2.3.9-bin/lib/hive-exec-2.3.9.jar) to field java.util.Arrays$ArrayList.a
WARNING: Please consider reporting this to the maintainers of org.apache.hadoop.hive.ql.exec.SerializationUtilities$ArraysAsListSerializer
WARNING: Use --illegal-access=warn to enable warnings of further illegal reflective access operations
WARNING: All illegal access operations will be denied in a future release
2026-06-24 09:03:55	Starting to launch local task to process map join;	maximum memory = 268435456
2026-06-24 09:03:56	Dump the side-table for tag: 1 with group count: 13900 into file: file:/tmp/ubuntu/5a911e38-579d-40dc-887b-aba67bc868b7/hive_2026-06-24_09-03-52_274_6951788391745413566-1/-local-10003/HashTable-Stage-2/MapJoin-mapfile01--.hashtable
2026-06-24 09:03:56	Uploaded 1 File to: file:/tmp/ubuntu/5a911e38-579d-40dc-887b-aba67bc868b7/hive_2026-06-24_09-03-52_274_6951788391745413566-1/-local-10003/HashTable-Stage-2/MapJoin-mapfile01--.hashtable (1202020 bytes)
2026-06-24 09:03:56	End of local task; Time Taken: 0.617 sec.
Execution completed successfully
MapredLocal task succeeded
Launching Job 1 out of 1
Number of reduce tasks determined at compile time: 1
In order to change the average load for a reducer (in bytes):
  set hive.exec.reducers.bytes.per.reducer=<number>
In order to limit the maximum number of reducers:
  set hive.exec.reducers.max=<number>
In order to set a constant number of reducers:
  set mapreduce.job.reduces=<number>
Job running in-process (local Hadoop)
2026-06-24 09:03:58,157 Stage-2 map = 100%,  reduce = 0%
2026-06-24 09:03:59,159 Stage-2 map = 100%,  reduce = 100%
Ended Job = job_local1706002274_0005
Loading data to table flights_db.final_band_stats_100
MapReduce Jobs Launched: 
Stage-Stage-2:  HDFS Read: 109057330 HDFS Write: 5044629 SUCCESS
Total MapReduce CPU Time Spent: 0 msec
OK
Time taken: 7.009 seconds
OK
Time taken: 0.069 seconds
OK
Time taken: 0.034 seconds
OK
Time taken: 0.037 seconds
OK
Time taken: 0.035 seconds
